# JRE version: Java(TM) SE Runtime Environment (8.0_271-b09) (build 1.8.0_271-b09)
# Java VM: Java HotSpot(TM) 64-Bit Server VM (25.271-b09 mixed mode windows-amd64 compressed oops)
Heap:
 PSYoungGen      total 71680K, used 33007K [0x00000000d5b80000, 0x00000000dd500000, 0x0000000100000000)
  eden space 66560K, 41% used [0x00000000d5b80000,0x00000000d76c25d0,0x00000000d9c80000)
  from space 5120K, 99% used [0x00000000d9c80000,0x00000000da179650,0x00000000da180000)
  to   space 9728K, 0% used [0x00000000dcb80000,0x00000000dcb80000,0x00000000dd500000)
 ParOldGen       total 56320K, used 10221K [0x0000000081200000, 0x0000000084900000, 0x00000000d5b80000)
  object space 56320K, 18% used [0x0000000081200000,0x0000000081bfb650,0x0000000084900000)
 Metaspace       used 28605K, capacity 30510K, committed 30720K, reserved 1075200K
  class space    used 3653K, capacity 3993K, committed 4096K, reserved 1048576K
GC Heap History (10 events):
Event: 2.787 GC heap before
{Heap before GC invocations=2 (full 0):
 PSYoungGen      total 38400K, used 38057K [0x00000000d5b80000, 0x00000000d8600000, 0x0000000100000000)
  eden space 33280K, 100% used [0x00000000d5b80000,0x00000000d7c00000,0x00000000d7c00000)
  from space 5120K, 93% used [0x00000000d7c00000,0x00000000d80aa778,0x00000000d8100000)
  to   space 5120K, 0% used [0x00000000d8100000,0x00000000d8100000,0x00000000d8600000)
 ParOldGen       total 87552K, used 8K [0x0000000081200000, 0x0000000086780000, 0x00000000d5b80000)
  object space 87552K, 0% used [0x0000000081200000,0x0000000081202000,0x0000000086780000)
 Metaspace       used 14687K, capacity 15388K, committed 15616K, reserved 1062912K
  class space    used 1797K, capacity 1972K, committed 2048K, reserved 1048576K
Event: 2.816 GC heap after
Heap after GC invocations=2 (full 0):
 PSYoungGen      total 38400K, used 5095K [0x00000000d5b80000, 0x00000000da680000, 0x0000000100000000)
  eden space 33280K, 0% used [0x00000000d5b80000,0x00000000d5b80000,0x00000000d7c00000)
  from space 5120K, 99% used [0x00000000d8100000,0x00000000d85f9f70,0x00000000d8600000)
  to   space 5120K, 0% used [0x00000000d7c00000,0x00000000d7c00000,0x00000000d8100000)
 ParOldGen       total 87552K, used 2000K [0x0000000081200000, 0x0000000086780000, 0x00000000d5b80000)
  object space 87552K, 2% used [0x0000000081200000,0x00000000813f4000,0x0000000086780000)
 Metaspace       used 14687K, capacity 15388K, committed 15616K, reserved 1062912K
  class space    used 1797K, capacity 1972K, committed 2048K, reserved 1048576K
}
Event: 3.414 GC heap before
{Heap before GC invocations=3 (full 0):
 PSYoungGen      total 38400K, used 38375K [0x00000000d5b80000, 0x00000000da680000, 0x0000000100000000)
  eden space 33280K, 100% used [0x00000000d5b80000,0x00000000d7c00000,0x00000000d7c00000)
  from space 5120K, 99% used [0x00000000d8100000,0x00000000d85f9f70,0x00000000d8600000)
  to   space 5120K, 0% used [0x00000000d7c00000,0x00000000d7c00000,0x00000000d8100000)
 ParOldGen       total 87552K, used 2000K [0x0000000081200000, 0x0000000086780000, 0x00000000d5b80000)
  object space 87552K, 2% used [0x0000000081200000,0x00000000813f4000,0x0000000086780000)
 Metaspace       used 19068K, capacity 19960K, committed 20096K, reserved 1067008K
  class space    used 2374K, capacity 2590K, committed 2688K, reserved 1048576K
Event: 3.425 GC heap after
Heap after GC invocations=3 (full 0):
 PSYoungGen      total 38400K, used 5093K [0x00000000d5b80000, 0x00000000da680000, 0x0000000100000000)
  eden space 33280K, 0% used [0x00000000d5b80000,0x00000000d5b80000,0x00000000d7c00000)
  from space 5120K, 99% used [0x00000000d7c00000,0x00000000d80f96b8,0x00000000d8100000)
  to   space 5120K, 0% used [0x00000000da180000,0x00000000da180000,0x00000000da680000)
 ParOldGen       total 87552K, used 5195K [0x0000000081200000, 0x0000000086780000, 0x00000000d5b80000)
  object space 87552K, 5% used [0x0000000081200000,0x0000000081712c78,0x0000000086780000)
 Metaspace       used 19068K, capacity 19960K, committed 20096K, reserved 1067008K
  class space    used 2374K, capacity 2590K, committed 2688K, reserved 1048576K
}
Event: 3.864 GC heap before
{Heap before GC invocations=4 (full 0):
 PSYoungGen      total 38400K, used 23698K [0x00000000d5b80000, 0x00000000da680000, 0x0000000100000000)
  eden space 33280K, 55% used [0x00000000d5b80000,0x00000000d6dab2e8,0x00000000d7c00000)
  from space 5120K, 99% used [0x00000000d7c00000,0x00000000d80f96b8,0x00000000d8100000)
  to   space 5120K, 0% used [0x00000000da180000,0x00000000da180000,0x00000000da680000)
 ParOldGen       total 87552K, used 5195K [0x0000000081200000, 0x0000000086780000, 0x00000000d5b80000)
  object space 87552K, 5% used [0x0000000081200000,0x0000000081712c78,0x0000000086780000)
 Metaspace       used 20226K, capacity 21166K, committed 21248K, reserved 1067008K
  class space    used 2531K, capacity 2757K, committed 2816K, reserved 1048576K
Event: 3.879 GC heap after
Heap after GC invocations=4 (full 0):
 PSYoungGen      total 71680K, used 5112K [0x00000000d5b80000, 0x00000000da680000, 0x0000000100000000)
  eden space 66560K, 0% used [0x00000000d5b80000,0x00000000d5b80000,0x00000000d9c80000)
  from space 5120K, 99% used [0x00000000da180000,0x00000000da67e030,0x00000000da680000)
  to   space 5120K, 0% used [0x00000000d9c80000,0x00000000d9c80000,0x00000000da180000)
 ParOldGen       total 87552K, used 6930K [0x0000000081200000, 0x0000000086780000, 0x00000000d5b80000)
  object space 87552K, 7% used [0x0000000081200000,0x00000000818c49b8,0x0000000086780000)
 Metaspace       used 20226K, capacity 21166K, committed 21248K, reserved 1067008K
  class space    used 2531K, capacity 2757K, committed 2816K, reserved 1048576K
}
Event: 3.879 GC heap before
{Heap before GC invocations=5 (full 1):
 PSYoungGen      total 71680K, used 5112K [0x00000000d5b80000, 0x00000000da680000, 0x0000000100000000)
  eden space 66560K, 0% used [0x00000000d5b80000,0x00000000d5b80000,0x00000000d9c80000)
  from space 5120K, 99% used [0x00000000da180000,0x00000000da67e030,0x00000000da680000)
  to   space 5120K, 0% used [0x00000000d9c80000,0x00000000d9c80000,0x00000000da180000)
 ParOldGen       total 87552K, used 6930K [0x0000000081200000, 0x0000000086780000, 0x00000000d5b80000)
  object space 87552K, 7% used [0x0000000081200000,0x00000000818c49b8,0x0000000086780000)
 Metaspace       used 20226K, capacity 21166K, committed 21248K, reserved 1067008K
  class space    used 2531K, capacity 2757K, committed 2816K, reserved 1048576K
Event: 3.926 GC heap after
Heap after GC invocations=5 (full 1):
 PSYoungGen      total 71680K, used 0K [0x00000000d5b80000, 0x00000000da680000, 0x0000000100000000)
  eden space 66560K, 0% used [0x00000000d5b80000,0x00000000d5b80000,0x00000000d9c80000)
  from space 5120K, 0% used [0x00000000da180000,0x00000000da180000,0x00000000da680000)
  to   space 5120K, 0% used [0x00000000d9c80000,0x00000000d9c80000,0x00000000da180000)
 ParOldGen       total 56320K, used 6753K [0x0000000081200000, 0x0000000084900000, 0x00000000d5b80000)
  object space 56320K, 11% used [0x0000000081200000,0x0000000081898798,0x0000000084900000)
 Metaspace       used 20226K, capacity 21166K, committed 21248K, reserved 1067008K
  class space    used 2531K, capacity 2757K, committed 2816K, reserved 1048576K
}
Event: 8.374 GC heap before
{Heap before GC invocations=6 (full 1):
 PSYoungGen      total 71680K, used 66560K [0x00000000d5b80000, 0x00000000da680000, 0x0000000100000000)
  eden space 66560K, 100% used [0x00000000d5b80000,0x00000000d9c80000,0x00000000d9c80000)
  from space 5120K, 0% used [0x00000000da180000,0x00000000da180000,0x00000000da680000)
  to   space 5120K, 0% used [0x00000000d9c80000,0x00000000d9c80000,0x00000000da180000)
 ParOldGen       total 56320K, used 6753K [0x0000000081200000, 0x0000000084900000, 0x00000000d5b80000)
  object space 56320K, 11% used [0x0000000081200000,0x0000000081898798,0x0000000084900000)
 Metaspace       used 26698K, capacity 28414K, committed 28672K, reserved 1075200K
  class space    used 3409K, capacity 3743K, committed 3840K, reserved 1048576K
Event: 8.389 GC heap after
Heap after GC invocations=6 (full 1):
 PSYoungGen      total 71680K, used 5093K [0x00000000d5b80000, 0x00000000dd500000, 0x0000000100000000)
  eden space 66560K, 0% used [0x00000000d5b80000,0x00000000d5b80000,0x00000000d9c80000)
  from space 5120K, 99% used [0x00000000d9c80000,0x00000000da179650,0x00000000da180000)
  to   space 9728K, 0% used [0x00000000dcb80000,0x00000000dcb80000,0x00000000dd500000)
 ParOldGen       total 56320K, used 10221K [0x0000000081200000, 0x0000000084900000, 0x00000000d5b80000)
  object space 56320K, 18% used [0x0000000081200000,0x0000000081bfb650,0x0000000084900000)
 Metaspace       used 26698K, capacity 28414K, committed 28672K, reserved 1075200K
  class space    used 3409K, capacity 3743K, committed 3840K, reserved 1048576K
}

